[START 02.04.2026 22:11:32,90] "C:\Users\motyl\Documents\AI CODING PEHNIS\Fish Client\gradlew.bat" runClient --daemon

> Configure project :
Fabric Loom: 1.14.10

> Task :compileJava UP-TO-DATE
> Task :processResources UP-TO-DATE
> Task :classes UP-TO-DATE
> Task :compileClientJava UP-TO-DATE
> Task :processClientResources NO-SOURCE
> Task :clientClasses UP-TO-DATE
> Task :generateLog4jConfig UP-TO-DATE
> Task :generateRemapClasspath UP-TO-DATE
> Task :generateDLIConfig UP-TO-DATE
> Task :configureLaunch UP-TO-DATE
> Task :downloadAssets UP-TO-DATE
> Task :configureClientLaunch UP-TO-DATE

> Task :runClient
[22:11:35] [main/WARN] (FabricLoader/Knot) Class path entries reference missing files: C:\Users\motyl\Documents\AI CODING PEHNIS\Fish Client\build\resources\client - the game may not load properly!
[22:11:35] [main/INFO] (FabricLoader/GameProvider) Loading Minecraft 1.21.11 with Fabric Loader 0.18.2
[22:11:35] [main/INFO] (FabricLoader) Loading 48 mods:
	- fabric-api 0.139.4+1.21.11
	- fabric-api-base 1.0.5+4ebb5c0853
	- fabric-api-lookup-api-v1 1.6.113+1fb1cde953
	- fabric-biome-api-v1 17.1.1+4fc5413f53
	- fabric-block-api-v1 1.1.10+4ebb5c0853
	- fabric-block-view-api-v2 1.0.39+4ebb5c0853
	- fabric-client-gametest-api-v1 4.3.5+bfe9fcf453
	- fabric-command-api-v2 2.4.6+4ebb5c0853
	- fabric-content-registries-v0 10.2.14+4fc5413f53
	- fabric-convention-tags-v1 2.1.55+7f945d5b53
	- fabric-convention-tags-v2 2.17.3+8ef948ba53
	- fabric-crash-report-info-v1 0.3.23+4ebb5c0853
	- fabric-data-attachment-api-v1 1.8.42+1fb1cde953
	- fabric-data-generation-api-v1 23.2.38+1d9b5c3553
	- fabric-dimensions-v1 4.0.28+4fc5413f53
	- fabric-entity-events-v1 3.0.5+4ebb5c0853
	- fabric-events-interaction-v0 4.0.43+1fb1cde953
	- fabric-game-rule-api-v1 2.0.3+4fc5413f53
	- fabric-gametest-api-v1 3.1.27+4fc5413f53
	- fabric-item-api-v1 11.5.19+78c8b46653
	- fabric-item-group-api-v1 4.2.36+4fc5413f53
	- fabric-key-binding-api-v1 1.1.7+4fc5413f53
	- fabric-lifecycle-events-v1 2.6.15+4ebb5c0853
	- fabric-loot-api-v2 3.0.73+3f89f5a553
	- fabric-loot-api-v3 2.0.20+78c8b46653
	- fabric-message-api-v1 6.1.12+4ebb5c0853
	- fabric-networking-api-v1 5.1.4+4ebb5c0853
	- fabric-object-builder-api-v1 21.1.37+4fc5413f53
	- fabric-particles-v1 4.2.10+4fc5413f53
	- fabric-recipe-api-v1 8.2.2+4ebb5c0853
	- fabric-registry-sync-v0 6.2.3+4ebb5c0853
	- fabric-rendering-fluids-v1 3.1.43+4ebb5c0853
	- fabric-rendering-v1 16.2.5+1fb1cde953
	- fabric-resource-conditions-api-v1 5.0.35+4fc5413f53
	- fabric-resource-loader-v0 3.3.4+4fc5413f53
	- fabric-resource-loader-v1 1.0.10+78c8b46653
	- fabric-screen-api-v1 3.1.7+4ebb5c0853
	- fabric-screen-handler-api-v1 1.3.159+4fc5413f53
	- fabric-serialization-api-v1 1.0.5+4ebb5c0853
	- fabric-sound-api-v1 1.0.51+4fc5413f53
	- fabric-tag-api-v1 1.2.20+4fc5413f53
	- fabric-transfer-api-v1 6.0.24+4fc5413f53
	- fabric-transitive-access-wideners-v1 7.0.7+1fb1cde953
	- fabricloader 0.18.2
	- fishclient 1.1.0
	- java 21
	- minecraft 1.21.11
	- mixinextras 0.5.0
[22:11:35] [main/INFO] (FabricLoader/Mixin) SpongePowered MIXIN Subsystem Version=0.8.7 Source=file:/C:/Users/motyl/.gradle/caches/modules-2/files-2.1/net.fabricmc/sponge-mixin/0.16.5+mixin.0.8.7/80fc3a9f592673cea87f4cd702f87991c6c9fe4d/sponge-mixin-0.16.5+mixin.0.8.7.jar Service=Knot/Fabric Env=CLIENT
[22:11:36] [main/INFO] (FabricLoader/Mixin) Loaded Fabric development mappings for mixin remapper!
[22:11:36] [main/INFO] (FabricLoader/Mixin) Compatibility level set to JAVA_21
[22:11:37] [main/INFO] (FabricLoader/MixinExtras|Service) Initializing MixinExtras via com.llamalad7.mixinextras.service.MixinExtrasServiceImpl(version=0.5.0).
[22:11:38] [Datafixer Bootstrap/INFO] (Minecraft) 287 Datafixer optimizations took 359 milliseconds
[22:11:44] [Render thread/INFO] (Minecraft) Environment: Environment[sessionHost=https://sessionserver.mojang.com, servicesHost=https://api.minecraftservices.com, profilesHost=https://api.mojang.com, name=PROD]
[22:11:44] [Render thread/INFO] (Minecraft) Setting user: Player889
[22:11:44] [Render thread/INFO] (fishclient) Fish Client initialized for Minecraft 1.21.11
[22:11:45] [Render thread/INFO] (Minecraft) Backend library: LWJGL version 3.3.3-snapshot
[22:11:45] [Render thread/INFO] (Minecraft) Using optional rendering extensions: GL_ARB_buffer_storage, GL_KHR_debug, GL_ARB_vertex_attrib_binding, GL_ARB_direct_state_access, GL_EXT_texture_filter_anisotropic
[22:11:46] [Render thread/INFO] (Minecraft) Reloading ResourceManager: vanilla, fabric-api, fabric-api-base, fabric-api-lookup-api-v1, fabric-biome-api-v1, fabric-block-api-v1, fabric-block-view-api-v2, fabric-client-gametest-api-v1, fabric-command-api-v2, fabric-content-registries-v0, fabric-convention-tags-v1, fabric-convention-tags-v2, fabric-crash-report-info-v1, fabric-data-attachment-api-v1, fabric-data-generation-api-v1, fabric-dimensions-v1, fabric-entity-events-v1, fabric-events-interaction-v0, fabric-game-rule-api-v1, fabric-gametest-api-v1, fabric-item-api-v1, fabric-item-group-api-v1, fabric-key-binding-api-v1, fabric-lifecycle-events-v1, fabric-loot-api-v2, fabric-loot-api-v3, fabric-message-api-v1, fabric-networking-api-v1, fabric-object-builder-api-v1, fabric-particles-v1, fabric-recipe-api-v1, fabric-registry-sync-v0, fabric-rendering-fluids-v1, fabric-rendering-v1, fabric-resource-conditions-api-v1, fabric-resource-loader-v0, fabric-resource-loader-v1, fabric-screen-api-v1, fabric-screen-handler-api-v1, fabric-serialization-api-v1, fabric-sound-api-v1, fabric-tag-api-v1, fabric-transfer-api-v1, fabric-transitive-access-wideners-v1, fabricloader, fishclient
[22:11:46] [Worker-Main-3/INFO] (Minecraft) Found unifont_all_no_pua-17.0.01.hex, loading
[22:11:46] [Worker-Main-7/INFO] (Minecraft) Found unifont_pua-17.0.01.hex, loading
[22:11:46] [Worker-Main-15/INFO] (Minecraft) Found unifont_jp_patch-17.0.01.hex, loading
[22:11:46] [Download-1/INFO] (Minecraft) Could not authorize you against Realms server: java.lang.RuntimeException: Failed to parse into SignedJWT: FabricMC
[22:11:47] [Render thread/INFO] (Minecraft) OpenAL initialized on device OpenAL Soft on Reproduktory (7.1 Surround Sound)
[22:11:47] [Render thread/INFO] (Minecraft) Sound engine started
[22:11:47] [Render thread/INFO] (Minecraft) Created: 512x256x0 minecraft:textures/atlas/particles.png-atlas
[22:11:47] [Render thread/INFO] (Minecraft) Created: 128x128x0 minecraft:textures/atlas/decorated_pot.png-atlas
[22:11:47] [Render thread/INFO] (Minecraft) Created: 2048x1024x0 minecraft:textures/atlas/armor_trims.png-atlas
[22:11:47] [Render thread/INFO] (Minecraft) Created: 512x256x0 minecraft:textures/atlas/paintings.png-atlas
[22:11:47] [Render thread/INFO] (Minecraft) Created: 1024x512x0 minecraft:textures/atlas/shield_patterns.png-atlas
[22:11:47] [Render thread/INFO] (Minecraft) Created: 2048x2048x4 minecraft:textures/atlas/blocks.png-atlas
[22:11:47] [Render thread/INFO] (Minecraft) Created: 512x512x0 minecraft:textures/atlas/chest.png-atlas
[22:11:47] [Render thread/INFO] (Minecraft) Created: 256x128x0 minecraft:textures/atlas/celestials.png-atlas
[22:11:47] [Render thread/INFO] (Minecraft) Created: 1024x512x0 minecraft:textures/atlas/banner_patterns.png-atlas
[22:11:47] [Render thread/INFO] (Minecraft) Created: 512x512x0 minecraft:textures/atlas/beds.png-atlas
[22:11:47] [Render thread/INFO] (Minecraft) Created: 1024x512x0 minecraft:textures/atlas/items.png-atlas
[22:11:47] [Render thread/INFO] (Minecraft) Created: 1024x1024x0 minecraft:textures/atlas/gui.png-atlas
[22:11:47] [Render thread/INFO] (Minecraft) Created: 128x64x0 minecraft:textures/atlas/map_decorations.png-atlas
[22:11:47] [Render thread/INFO] (Minecraft) Created: 512x256x0 minecraft:textures/atlas/signs.png-atlas
[22:11:47] [Render thread/INFO] (Minecraft) Created: 512x512x0 minecraft:textures/atlas/shulker_boxes.png-atlas
[22:11:48] [IO-Worker-1/INFO] (Minecraft) Could not authorize you against Realms server: java.lang.RuntimeException: Failed to parse into SignedJWT: FabricMC
[22:11:56] [Render thread/INFO] (Minecraft) Loaded 1470 recipes
[22:11:56] [Render thread/INFO] (Minecraft) Loaded 1584 advancements
[22:11:56] [Render thread/INFO] (BiomeModificationImpl) Applied 0 biome modifications to 0 of 65 new biomes in 1.757 ms
[22:11:56] [Server thread/INFO] (Minecraft) Starting integrated minecraft server version 1.21.11
[22:11:56] [Server thread/INFO] (Minecraft) Generating keypair
[22:11:56] [Server thread/INFO] (Minecraft) Loading 0 persistent chunks...
[22:11:56] [Server thread/INFO] (Minecraft) Preparing spawn area: 16%
[22:11:57] [Server thread/INFO] (Minecraft) Loading 49 chunks for player spawn...
[22:11:57] [Server thread/INFO] (Minecraft) Preparing spawn area: 16%
[22:11:58] [Server thread/INFO] (Minecraft) Preparing spawn area: 100%
[22:11:58] [Server thread/INFO] (Minecraft) Time elapsed: 1061 ms
[22:11:58] [Server thread/INFO] (Minecraft) Player889[local:E:96781d7d] logged in with entity id 91 at (24.53427425110048, 96.0, 11.82348209233908)
[22:11:58] [Server thread/INFO] (Minecraft) Player889 joined the game
[22:11:58] [Render thread/INFO] (Minecraft) Loaded 2 advancements
[22:11:58] [Server thread/INFO] (Minecraft) Changing view distance to 16, from 10
[22:11:58] [Server thread/INFO] (Minecraft) Changing simulation distance to 12, from 0
[22:11:58] [Render thread/INFO] (Minecraft) Resizing Dynamic Transforms UBO, capacity limit of 2 reached during a single frame. New capacity will be 4.
[22:11:58] [Render thread/INFO] (Minecraft) Resizing Dynamic Transforms UBO, capacity limit of 4 reached during a single frame. New capacity will be 8.
[22:11:58] [Render thread/INFO] (Minecraft) Resizing Chunk Sections UBO, capacity limit of 2 reached during a single frame. New capacity will be 4.
[22:11:58] [Render thread/INFO] (Minecraft) Resizing Chunk Sections UBO, capacity limit of 4 reached during a single frame. New capacity will be 16.
[22:11:58] [Render thread/INFO] (Minecraft) Resizing Chunk Sections UBO, capacity limit of 16 reached during a single frame. New capacity will be 32.
[22:11:58] [Render thread/INFO] (Minecraft) Resizing Chunk Sections UBO, capacity limit of 32 reached during a single frame. New capacity will be 64.
[22:11:59] [Render thread/INFO] (Minecraft) Resizing Chunk Sections UBO, capacity limit of 64 reached during a single frame. New capacity will be 128.
[22:11:59] [Render thread/INFO] (Minecraft) Resizing Chunk Sections UBO, capacity limit of 128 reached during a single frame. New capacity will be 256.
[22:12:00] [Render thread/INFO] (Minecraft) Resizing Chunk Sections UBO, capacity limit of 256 reached during a single frame. New capacity will be 512.
[22:12:44] [Render thread/INFO] (Minecraft) Stopping!
[22:12:44] [Server thread/INFO] (Minecraft) Player889 lost connection: Disconnected
[22:12:44] [Server thread/INFO] (Minecraft) Player889 left the game
[22:12:44] [Server thread/INFO] (Minecraft) Stopping singleplayer server as player logged out
[22:12:44] [Server thread/INFO] (Minecraft) Stopping server
[22:12:44] [Server thread/INFO] (Minecraft) Saving players
[22:12:44] [Server thread/INFO] (Minecraft) Saving worlds
[22:12:44] [Server thread/INFO] (Minecraft) Saving chunks for level 'ServerLevel[test123]'/minecraft:overworld
[22:12:44] [Server thread/INFO] (Minecraft) Saving chunks for level 'ServerLevel[test123]'/minecraft:the_nether
[22:12:44] [Server thread/INFO] (Minecraft) Saving chunks for level 'ServerLevel[test123]'/minecraft:the_end
[22:12:44] [Server thread/INFO] (Minecraft) ThreadedAnvilChunkStorage (test123): All chunks are saved
[22:12:44] [Server thread/INFO] (Minecraft) ThreadedAnvilChunkStorage (DIM-1): All chunks are saved
[22:12:44] [Server thread/INFO] (Minecraft) ThreadedAnvilChunkStorage (DIM1): All chunks are saved
[22:12:44] [Server thread/INFO] (Minecraft) ThreadedAnvilChunkStorage: All dimensions are saved

BUILD SUCCESSFUL in 1m 12s
8 actionable tasks: 1 executed, 7 up-to-date
Consider enabling configuration cache to speed up this build: https://docs.gradle.org/9.2.1/userguide/configuration_cache_enabling.html
[START 02.04.2026 22:14:09,34] "C:\Users\motyl\Documents\AI CODING PEHNIS\Fish Client\gradlew.bat" runClient --daemon

> Configure project :
Fabric Loom: 1.14.10

> Task :compileJava UP-TO-DATE
> Task :processResources UP-TO-DATE
> Task :classes UP-TO-DATE
> Task :compileClientJava UP-TO-DATE
> Task :processClientResources NO-SOURCE
> Task :clientClasses UP-TO-DATE
> Task :generateLog4jConfig UP-TO-DATE
> Task :generateRemapClasspath UP-TO-DATE
> Task :generateDLIConfig UP-TO-DATE
> Task :configureLaunch UP-TO-DATE
> Task :downloadAssets UP-TO-DATE
> Task :configureClientLaunch UP-TO-DATE

> Task :runClient
[22:14:12] [main/WARN] (FabricLoader/Knot) Class path entries reference missing files: C:\Users\motyl\Documents\AI CODING PEHNIS\Fish Client\build\resources\client - the game may not load properly!
[22:14:12] [main/INFO] (FabricLoader/GameProvider) Loading Minecraft 1.21.11 with Fabric Loader 0.18.2
[22:14:12] [main/INFO] (FabricLoader) Loading 48 mods:
	- fabric-api 0.139.4+1.21.11
	- fabric-api-base 1.0.5+4ebb5c0853
	- fabric-api-lookup-api-v1 1.6.113+1fb1cde953
	- fabric-biome-api-v1 17.1.1+4fc5413f53
	- fabric-block-api-v1 1.1.10+4ebb5c0853
	- fabric-block-view-api-v2 1.0.39+4ebb5c0853
	- fabric-client-gametest-api-v1 4.3.5+bfe9fcf453
	- fabric-command-api-v2 2.4.6+4ebb5c0853
	- fabric-content-registries-v0 10.2.14+4fc5413f53
	- fabric-convention-tags-v1 2.1.55+7f945d5b53
	- fabric-convention-tags-v2 2.17.3+8ef948ba53
	- fabric-crash-report-info-v1 0.3.23+4ebb5c0853
	- fabric-data-attachment-api-v1 1.8.42+1fb1cde953
	- fabric-data-generation-api-v1 23.2.38+1d9b5c3553
	- fabric-dimensions-v1 4.0.28+4fc5413f53
	- fabric-entity-events-v1 3.0.5+4ebb5c0853
	- fabric-events-interaction-v0 4.0.43+1fb1cde953
	- fabric-game-rule-api-v1 2.0.3+4fc5413f53
	- fabric-gametest-api-v1 3.1.27+4fc5413f53
	- fabric-item-api-v1 11.5.19+78c8b46653
	- fabric-item-group-api-v1 4.2.36+4fc5413f53
	- fabric-key-binding-api-v1 1.1.7+4fc5413f53
	- fabric-lifecycle-events-v1 2.6.15+4ebb5c0853
	- fabric-loot-api-v2 3.0.73+3f89f5a553
	- fabric-loot-api-v3 2.0.20+78c8b46653
	- fabric-message-api-v1 6.1.12+4ebb5c0853
	- fabric-networking-api-v1 5.1.4+4ebb5c0853
	- fabric-object-builder-api-v1 21.1.37+4fc5413f53
	- fabric-particles-v1 4.2.10+4fc5413f53
	- fabric-recipe-api-v1 8.2.2+4ebb5c0853
	- fabric-registry-sync-v0 6.2.3+4ebb5c0853
	- fabric-rendering-fluids-v1 3.1.43+4ebb5c0853
	- fabric-rendering-v1 16.2.5+1fb1cde953
	- fabric-resource-conditions-api-v1 5.0.35+4fc5413f53
	- fabric-resource-loader-v0 3.3.4+4fc5413f53
	- fabric-resource-loader-v1 1.0.10+78c8b46653
	- fabric-screen-api-v1 3.1.7+4ebb5c0853
	- fabric-screen-handler-api-v1 1.3.159+4fc5413f53
	- fabric-serialization-api-v1 1.0.5+4ebb5c0853
	- fabric-sound-api-v1 1.0.51+4fc5413f53
	- fabric-tag-api-v1 1.2.20+4fc5413f53
	- fabric-transfer-api-v1 6.0.24+4fc5413f53
	- fabric-transitive-access-wideners-v1 7.0.7+1fb1cde953
	- fabricloader 0.18.2
	- fishclient 1.1.0
	- java 21
	- minecraft 1.21.11
	- mixinextras 0.5.0
[22:14:12] [main/INFO] (FabricLoader/Mixin) SpongePowered MIXIN Subsystem Version=0.8.7 Source=file:/C:/Users/motyl/.gradle/caches/modules-2/files-2.1/net.fabricmc/sponge-mixin/0.16.5+mixin.0.8.7/80fc3a9f592673cea87f4cd702f87991c6c9fe4d/sponge-mixin-0.16.5+mixin.0.8.7.jar Service=Knot/Fabric Env=CLIENT
[22:14:12] [main/INFO] (FabricLoader/Mixin) Loaded Fabric development mappings for mixin remapper!
[22:14:12] [main/INFO] (FabricLoader/Mixin) Compatibility level set to JAVA_21
[22:14:13] [main/INFO] (FabricLoader/MixinExtras|Service) Initializing MixinExtras via com.llamalad7.mixinextras.service.MixinExtrasServiceImpl(version=0.5.0).
[22:14:14] [Datafixer Bootstrap/INFO] (Minecraft) 287 Datafixer optimizations took 373 milliseconds
[22:14:20] [Render thread/INFO] (Minecraft) Environment: Environment[sessionHost=https://sessionserver.mojang.com, servicesHost=https://api.minecraftservices.com, profilesHost=https://api.mojang.com, name=PROD]
[22:14:20] [Render thread/INFO] (Minecraft) Setting user: Player328
[22:14:20] [Render thread/INFO] (fishclient) Fish Client initialized for Minecraft 1.21.11
[22:14:21] [Render thread/INFO] (Minecraft) Backend library: LWJGL version 3.3.3-snapshot
[22:14:21] [Render thread/INFO] (Minecraft) Using optional rendering extensions: GL_ARB_buffer_storage, GL_KHR_debug, GL_ARB_vertex_attrib_binding, GL_ARB_direct_state_access, GL_EXT_texture_filter_anisotropic
[22:14:22] [Render thread/INFO] (Minecraft) Reloading ResourceManager: vanilla, fabric-api, fabric-api-base, fabric-api-lookup-api-v1, fabric-biome-api-v1, fabric-block-api-v1, fabric-block-view-api-v2, fabric-client-gametest-api-v1, fabric-command-api-v2, fabric-content-registries-v0, fabric-convention-tags-v1, fabric-convention-tags-v2, fabric-crash-report-info-v1, fabric-data-attachment-api-v1, fabric-data-generation-api-v1, fabric-dimensions-v1, fabric-entity-events-v1, fabric-events-interaction-v0, fabric-game-rule-api-v1, fabric-gametest-api-v1, fabric-item-api-v1, fabric-item-group-api-v1, fabric-key-binding-api-v1, fabric-lifecycle-events-v1, fabric-loot-api-v2, fabric-loot-api-v3, fabric-message-api-v1, fabric-networking-api-v1, fabric-object-builder-api-v1, fabric-particles-v1, fabric-recipe-api-v1, fabric-registry-sync-v0, fabric-rendering-fluids-v1, fabric-rendering-v1, fabric-resource-conditions-api-v1, fabric-resource-loader-v0, fabric-resource-loader-v1, fabric-screen-api-v1, fabric-screen-handler-api-v1, fabric-serialization-api-v1, fabric-sound-api-v1, fabric-tag-api-v1, fabric-transfer-api-v1, fabric-transitive-access-wideners-v1, fabricloader, fishclient
[22:14:22] [Worker-Main-5/INFO] (Minecraft) Found unifont_all_no_pua-17.0.01.hex, loading
[22:14:22] [Worker-Main-2/INFO] (Minecraft) Found unifont_pua-17.0.01.hex, loading
[22:14:22] [Download-2/INFO] (Minecraft) Could not authorize you against Realms server: java.lang.RuntimeException: Failed to parse into SignedJWT: FabricMC
[22:14:22] [Worker-Main-6/INFO] (Minecraft) Found unifont_jp_patch-17.0.01.hex, loading
[22:14:23] [Render thread/INFO] (Minecraft) OpenAL initialized on device OpenAL Soft on Reproduktory (7.1 Surround Sound)
[22:14:23] [Render thread/INFO] (Minecraft) Sound engine started
[22:14:23] [Render thread/INFO] (Minecraft) Created: 512x256x0 minecraft:textures/atlas/particles.png-atlas
[22:14:23] [Render thread/INFO] (Minecraft) Created: 128x128x0 minecraft:textures/atlas/decorated_pot.png-atlas
[22:14:23] [Render thread/INFO] (Minecraft) Created: 2048x1024x0 minecraft:textures/atlas/armor_trims.png-atlas
[22:14:23] [Render thread/INFO] (Minecraft) Created: 512x256x0 minecraft:textures/atlas/paintings.png-atlas
[22:14:23] [Render thread/INFO] (Minecraft) Created: 1024x512x0 minecraft:textures/atlas/shield_patterns.png-atlas
[22:14:23] [Render thread/INFO] (Minecraft) Created: 2048x2048x4 minecraft:textures/atlas/blocks.png-atlas
[22:14:24] [Render thread/INFO] (Minecraft) Created: 512x512x0 minecraft:textures/atlas/chest.png-atlas
[22:14:24] [Render thread/INFO] (Minecraft) Created: 256x128x0 minecraft:textures/atlas/celestials.png-atlas
[22:14:24] [Render thread/INFO] (Minecraft) Created: 1024x512x0 minecraft:textures/atlas/banner_patterns.png-atlas
[22:14:24] [Render thread/INFO] (Minecraft) Created: 512x512x0 minecraft:textures/atlas/beds.png-atlas
[22:14:24] [Render thread/INFO] (Minecraft) Created: 1024x512x0 minecraft:textures/atlas/items.png-atlas
[22:14:24] [Render thread/INFO] (Minecraft) Created: 1024x1024x0 minecraft:textures/atlas/gui.png-atlas
[22:14:24] [Render thread/INFO] (Minecraft) Created: 128x64x0 minecraft:textures/atlas/map_decorations.png-atlas
[22:14:24] [Render thread/INFO] (Minecraft) Created: 512x256x0 minecraft:textures/atlas/signs.png-atlas
[22:14:24] [Render thread/INFO] (Minecraft) Created: 512x512x0 minecraft:textures/atlas/shulker_boxes.png-atlas
[22:14:24] [IO-Worker-1/INFO] (Minecraft) Could not authorize you against Realms server: java.lang.RuntimeException: Failed to parse into SignedJWT: FabricMC
[22:14:30] [Render thread/INFO] (Minecraft) Loaded 1470 recipes
[22:14:30] [Render thread/INFO] (Minecraft) Loaded 1584 advancements
[22:14:30] [Render thread/INFO] (BiomeModificationImpl) Applied 0 biome modifications to 0 of 65 new biomes in 1.107 ms
[22:14:30] [Server thread/INFO] (Minecraft) Starting integrated minecraft server version 1.21.11
[22:14:30] [Server thread/INFO] (Minecraft) Generating keypair
[22:14:31] [Server thread/INFO] (Minecraft) Loading 0 persistent chunks...
[22:14:31] [Server thread/INFO] (Minecraft) Preparing spawn area: 16%
[22:14:32] [Server thread/INFO] (Minecraft) Loading 49 chunks for player spawn...
[22:14:32] [Server thread/INFO] (Minecraft) Preparing spawn area: 16%
[22:14:32] [Server thread/INFO] (Minecraft) Preparing spawn area: 27%
[22:14:32] [Server thread/INFO] (Minecraft) Time elapsed: 1070 ms
[22:14:32] [Server thread/INFO] (Minecraft) Player328[local:E:f6a133fb] logged in with entity id 75 at (24.53427425110048, 96.0, 11.82348209233908)
[22:14:32] [Server thread/INFO] (Minecraft) Player328 joined the game
[22:14:32] [Server thread/INFO] (Minecraft) Changing view distance to 16, from 10
[22:14:32] [Server thread/INFO] (Minecraft) Changing simulation distance to 12, from 0
[22:14:32] [Render thread/INFO] (Minecraft) Loaded 2 advancements
[22:14:32] [Render thread/INFO] (Minecraft) Resizing Dynamic Transforms UBO, capacity limit of 2 reached during a single frame. New capacity will be 4.
[22:14:33] [Render thread/INFO] (Minecraft) Resizing Dynamic Transforms UBO, capacity limit of 4 reached during a single frame. New capacity will be 8.
[22:14:33] [Render thread/INFO] (Minecraft) Resizing Chunk Sections UBO, capacity limit of 2 reached during a single frame. New capacity will be 4.
[22:14:33] [Render thread/INFO] (Minecraft) Resizing Chunk Sections UBO, capacity limit of 4 reached during a single frame. New capacity will be 8.
[22:14:33] [Render thread/INFO] (Minecraft) Resizing Chunk Sections UBO, capacity limit of 8 reached during a single frame. New capacity will be 16.
[22:14:33] [Render thread/INFO] (Minecraft) Resizing Chunk Sections UBO, capacity limit of 16 reached during a single frame. New capacity will be 32.
[22:14:33] [Render thread/INFO] (Minecraft) Resizing Chunk Sections UBO, capacity limit of 32 reached during a single frame. New capacity will be 64.
[22:14:33] [Render thread/INFO] (Minecraft) Resizing Chunk Sections UBO, capacity limit of 64 reached during a single frame. New capacity will be 128.
[22:14:34] [Render thread/INFO] (Minecraft) Resizing Chunk Sections UBO, capacity limit of 128 reached during a single frame. New capacity will be 256.
[22:14:34] [Server thread/INFO] (Minecraft) Saving and pausing game...
[22:14:34] [Server thread/INFO] (Minecraft) Saving chunks for level 'ServerLevel[test123]'/minecraft:overworld
[22:14:34] [Server thread/INFO] (Minecraft) Saving chunks for level 'ServerLevel[test123]'/minecraft:the_end
[22:14:34] [Server thread/INFO] (Minecraft) Saving chunks for level 'ServerLevel[test123]'/minecraft:the_nether
[22:14:36] [Render thread/INFO] (Minecraft) Resizing Chunk Sections UBO, capacity limit of 256 reached during a single frame. New capacity will be 512.
[22:14:37] [Render thread/INFO] (Minecraft) Stopping!
[22:14:37] [Server thread/INFO] (Minecraft) Player328 lost connection: Disconnected
[22:14:37] [Server thread/INFO] (Minecraft) Player328 left the game
[22:14:37] [Server thread/INFO] (Minecraft) Stopping singleplayer server as player logged out
[22:14:37] [Server thread/INFO] (Minecraft) Stopping server
[22:14:37] [Server thread/INFO] (Minecraft) Saving players
[22:14:37] [Server thread/INFO] (Minecraft) Saving worlds
[22:14:38] [Server thread/INFO] (Minecraft) Saving chunks for level 'ServerLevel[test123]'/minecraft:overworld
[22:14:38] [Server thread/INFO] (Minecraft) Saving chunks for level 'ServerLevel[test123]'/minecraft:the_end
[22:14:38] [Server thread/INFO] (Minecraft) Saving chunks for level 'ServerLevel[test123]'/minecraft:the_nether
[22:14:38] [Server thread/INFO] (Minecraft) ThreadedAnvilChunkStorage (test123): All chunks are saved
[22:14:38] [Server thread/INFO] (Minecraft) ThreadedAnvilChunkStorage (DIM1): All chunks are saved
[22:14:38] [Server thread/INFO] (Minecraft) ThreadedAnvilChunkStorage (DIM-1): All chunks are saved
[22:14:38] [Server thread/INFO] (Minecraft) ThreadedAnvilChunkStorage: All dimensions are saved

BUILD SUCCESSFUL in 29s
8 actionable tasks: 1 executed, 7 up-to-date
Consider enabling configuration cache to speed up this build: https://docs.gradle.org/9.2.1/userguide/configuration_cache_enabling.html
[2026-04-02T20:33:44.871Z] launch attempt: "C:\Users\motyl\Documents\AI CODING PEHNIS\Fish Client\gradlew.bat" runClient --daemon

Welcome to Gradle 9.2.1.

To run a build, run gradlew <task> ...

To see a list of available tasks, run gradlew tasks

To see more detail about a task, run gradlew help --task <task>

To see a list of command-line options, run gradlew --help

For more detail on using Gradle, see https://docs.gradle.org/9.2.1/userguide/command_line_interface.html

For troubleshooting, visit https://help.gradle.org

Welcome to Gradle 9.2.1.

To run a build, run gradlew <task> ...

To see a list of available tasks, run gradlew tasks

To see more detail about a task, run gradlew help --task <task>

To see a list of command-line options, run gradlew --help

For more detail on using Gradle, see https://docs.gradle.org/9.2.1/userguide/command_line_interface.html

For troubleshooting, visit https://help.gradle.org
[2026-04-02T20:54:43.550Z] launch attempt: "C:\Users\motyl\Documents\AI CODING PEHNIS\Fish Client\gradlew.bat" runClient --daemon
